Arguments: 
  /home/chaoting/software/nodejs/node-v16.18.0-linux-x64/bin/node /home/chaoting/software/nodejs/node-v16.18.0-linux-x64/bin/yarn init -y

PATH: 
  /home/chaoting/software/miniconda3/bin:/home/chaoting/software/miniconda3/condabin:/usr/local/sbin:/usr/local/bin:/usr/sbin:/usr/bin:/sbin:/bin:/usr/games:/usr/local/games:/usr/lib/wsl/lib:/mnt/c/Users/JERRYS~1/AppData/Local/Temp/Mxt210/bin:/mnt/c/WINDOWS:/mnt/c/WINDOWS/system32:/mnt/c/Program Files (x86)/Intel/iCLS Client:/mnt/c/Program Files/Intel/iCLS Client:/mnt/c/windows/system32:/mnt/c/windows:/mnt/c/windows/System32/Wbem:/mnt/c/windows/System32/WindowsPowerShell/v1.0:/mnt/c/WINDOWS/system32:/mnt/c/WINDOWS:/mnt/c/WINDOWS/System32/Wbem:/mnt/c/WINDOWS/System32/WindowsPowerShell/v1.0:/mnt/c/Program Files (x86)/Intel/Intel(R) Management Engine Components/DAL:/mnt/c/Program Files/Intel/Intel(R) Management Engine Components/DAL:/mnt/c/Program Files (x86)/Intel/Intel(R) Management Engine Components/IPT:/mnt/c/Program Files/Intel/Intel(R) Management Engine Components/IPT:/mnt/c/Program Files/Intel/WiFi/bin:/mnt/c/Program Files/Common Files/Intel/WirelessCommon:/mnt/d/MATLAB/R2019a/runtime/win64:/mnt/d/MATLAB/R2019a/bin:/mnt/d/Graphviz/bin:/mnt/c/Program Files/Git/cmd:/mnt/c/Program Files (x86)/Pulse Secure/VC142.CRT/X64:/mnt/c/Program Files (x86)/Pulse Secure/VC142.CRT/X86:/mnt/c/Program Files (x86)/Common Files/Pulse Secure/TNC Client Plugin:/mnt/d/OpenBabel/OpenBabel-3.1.1:/mnt/c/Users/jerry sun/AppData/Local/Microsoft/WindowsApps:/mnt/c/Users/jerry sun/AppData/Local/Microsoft/WindowsApps:/mnt/d/LLVM/bin:/mnt/c/Program Files (x86)/Google/Chrome/Application:/mnt/d/Graphviz/bin:/mnt/d/MINICONDA:/mnt/d/MINICONDA/Scripts:/mnt/d/MINICONDA/Library/bin:/mnt/d/TEXLIVE/texlive/2020/bin/win32:/mnt/c/Users/jerry sun/AppData/Local/Programs/Microsoft VS Code/bin:/mnt/c/Users/jerry sun/AppData/Local/GitHubDesktop/bin:/mnt/d/cmake/bin:/mnt/d/Multipass/bin:/mnt/c/Users/jerry sun/AppData/Local/Programs/Python/Python310/Scripts:/mnt/c/Users/jerry sun/AppData/Local/Programs/Python/Python310:/mnt/c/WINDOWS/sysnative:/snap/bin:/home/chaoting/software/nodejs/node-v16.18.0-linux-x64/bin:/home/chaoting/software/chromedriver

Yarn version: 
  1.22.19

Node version: 
  16.18.0

Platform: 
  linux x64

Trace: 
  SyntaxError: /home/chaoting/NTU/web/wp1111/hack2/package.json: Unexpected token } in JSON at position 248
      at JSON.parse (<anonymous>)
      at /home/chaoting/software/nodejs/node-v16.18.0-linux-x64/lib/node_modules/yarn/lib/cli.js:1629:59
      at Generator.next (<anonymous>)
      at step (/home/chaoting/software/nodejs/node-v16.18.0-linux-x64/lib/node_modules/yarn/lib/cli.js:310:30)
      at /home/chaoting/software/nodejs/node-v16.18.0-linux-x64/lib/node_modules/yarn/lib/cli.js:321:13

npm manifest: 
  No manifest

yarn manifest: 
  No manifest

Lockfile: 
  No lockfile
